C51 COMPILER V9.60.7.0   MAIN                                                              03/20/2023 14:59:07 PAGE 1   


C51 COMPILER V9.60.7.0, COMPILATION OF MODULE MAIN
OBJECT MODULE PLACED IN .\Objects\main.obj
COMPILER INVOKED BY: C:\Keil_v5\C51\BIN\C51.EXE main.c OPTIMIZE(8,SPEED) BROWSE DEBUG OBJECTEXTEND PRINT(.\Listings\main
                    -.lst) TABS(2) OBJECT(.\Objects\main.obj)

line level    source

   1          /**********************************************************
   2          EE337: ADC IC MCP3008 interfacing with pt-51
   3          (1) Complete spi_init() function from spi.h 
   4          
   5          ***********************************************************/
   6          
   7          #include <at89c5131.h>
   8          #include "lcd.h"                                        //Driver for interfacing lcd 
   9          #include "mcp3008.h"                                    //Driver for interfacing ADC ic MCP3008
  10          
  11          char adc_ip_data_ascii[6]={0,0,0,0,0,'\0'};             //string array for saving ascii of input sample
  12          
  13          void main(void)
  14          {
  15   1        int j=0;
  16   1        unsigned int adc_data=0;
  17   1        
  18   1        spi_init();                                         
  19   1        adc_init();
  20   1          lcd_init();
  21   1        
  22   1        while(1)
  23   1        {
  24   2          unsigned int x;
  25   2          unsigned char a[5];
  26   2           
  27   2          x = adc(4);                                         //Read analog value from 0th channel of ADC Ic MCP3008
  28   2          adc_data = (unsigned int) (x*3.2258);               //Converting received 10 bits value to milli volt (3.3*1000
             -*i/p /1023)
  29   2          
  30   2          int_to_string(adc_data, a);
  31   2          /*
  32   2              Display "Volt: " on first line of lcd
  33   2              Print analog sampled input on lcd using int_to_string function and 
  34   2              Display "XXXXX mV" on second line of LCD
  35   2          
  36   2          */  
  37   2          lcd_cmd(0x80);
  38   2          lcd_write_string("Volt:");
  39   2          msdelay(4);
  40   2          lcd_cmd(0xC0);
  41   2          lcd_write_string(a);
  42   2          msdelay(4);
  43   2          lcd_cmd(0xC5);
  44   2          lcd_write_string(" mV");
  45   2          msdelay(4);
  46   2        }
  47   1      }


MODULE INFORMATION:   STATIC OVERLAYABLE
   CODE SIZE        =    677    ----
   CONSTANT SIZE    =     10    ----
   XDATA SIZE       =   ----    ----
C51 COMPILER V9.60.7.0   MAIN                                                              03/20/2023 14:59:07 PAGE 2   

   PDATA SIZE       =   ----    ----
   DATA SIZE        =      7      35
   IDATA SIZE       =   ----    ----
   BIT SIZE         =      1    ----
END OF MODULE INFORMATION.


C51 COMPILATION COMPLETE.  0 WARNING(S),  0 ERROR(S)
