C51 COMPILER V9.60.7.0   MAIN                                                              03/13/2023 10:20:19 PAGE 1   


C51 COMPILER V9.60.7.0, COMPILATION OF MODULE MAIN
OBJECT MODULE PLACED IN .\Objects\main.obj
COMPILER INVOKED BY: C:\Keil_v5\C51\BIN\C51.EXE main.c OPTIMIZE(8,SPEED) BROWSE DEBUG OBJECTEXTEND PRINT(.\Listings\main
                    -.lst) TABS(2) OBJECT(.\Objects\main.obj)

line level    source

   1          #include <at89c5131.h>
   2          #include "lcd.h"
   3          
   4          sbit LED1=P3^7;
   5          int count, temp;
   6          char time[5];
   7          
   8          void display_time();
   9          
  10          void timer1_isr() interrupt 3
  11          {
  12   1        LED1 = ~LED1;
  13   1        TH1 = 0xBE;
  14   1        TL1 = 0xE5;
  15   1        TR1 = 1;
  16   1      }
  17          
  18          void timer0_isr() interrupt 1
  19          {
  20   1        TH0 = 0xFF;
  21   1        TL0 = 0xC4;
  22   1        TR0 = 1;
  23   1        count = count + 1;
  24   1        display_time();
  25   1      }
  26          
  27          void display_time()
  28          {
  29   1        temp = count-1;
  30   1        time[0] = temp / 600 + 48;
  31   1        temp = temp % 600;
  32   1        time[1] = temp / 60 + 48;
  33   1        temp = temp % 60;
  34   1        time[3] = temp / 10 + 48;
  35   1        temp = temp % 10;
  36   1        time[4] = temp + 48;
  37   1        time[2] = ':';
  38   1        display(time, "");
  39   1      }
  40          
  41          void main(void)
  42          {
  43   1        lcd_init();
  44   1        msdelay(4);
  45   1        display("00:00", "");
  46   1        count = 0;
  47   1        
  48   1        TMOD = 0x15;
  49   1        TH0 = 0xFF;
  50   1        TH1 = 0xBE;
  51   1        TL0 = 0xFE;
  52   1        TL1 = 0xE5;
  53   1        ET0 = 1;
  54   1        ET1 = 1;
C51 COMPILER V9.60.7.0   MAIN                                                              03/13/2023 10:20:19 PAGE 2   

  55   1        EA = 1;
  56   1        TR0 = 1;
  57   1        TR1 = 1;
  58   1        
  59   1        while(1)
  60   1        {
  61   2          if(P1_0 == 0)
  62   2            EA = 0;
  63   2          else
  64   2            EA = 1;
  65   2        }
  66   1      }


MODULE INFORMATION:   STATIC OVERLAYABLE
   CODE SIZE        =    492    ----
   CONSTANT SIZE    =      7    ----
   XDATA SIZE       =   ----    ----
   PDATA SIZE       =   ----    ----
   DATA SIZE        =      9       9
   IDATA SIZE       =   ----    ----
   BIT SIZE         =   ----    ----
END OF MODULE INFORMATION.


C51 COMPILATION COMPLETE.  0 WARNING(S),  0 ERROR(S)
