C51 COMPILER V9.60.7.0   MAIN                                                              04/07/2023 23:43:37 PAGE 1   


C51 COMPILER V9.60.7.0, COMPILATION OF MODULE MAIN
OBJECT MODULE PLACED IN .\Objects\main.obj
COMPILER INVOKED BY: C:\Keil_v5\C51\BIN\C51.EXE main.c OPTIMIZE(8,SPEED) BROWSE DEBUG OBJECTEXTEND PRINT(.\Listings\main
                    -.lst) TABS(2) OBJECT(.\Objects\main.obj)

line level    source

   1          #include <at89c5131.h>
   2          #include "lcd.h"      //Driver for interfacing lcd 
   3          #include "mcp3008.h"  //Driver for interfacing ADC ic MCP3008
   4          #include "serial.c"   
   5          
   6          char account_num,state;
   7          int amt,amt_d1,amt_d2,ret_again=0;
   8          int balance_1 = 100;
   9          int balance_2 = 100;
  10          int num_5,num_1;
  11          int acc_num;
  12          char acc_num2;
  13          char name[4] = {'0','0','0','0'};
  14          char balance_string[4] = {'0','0','0','0'};
  15          char act_bal[4] = {'0','0','0','0'};
  16          char num5_string_double[2] = {'0','0'};
  17          char num5_string_single[1] = {'0'};
  18          char num1_string_single[1] = {'0'};
  19          
  20          void initialize(){
  21   1        transmit_string("Press A for Account display and W for withdrawing cash");
  22   1        transmit_string("\r\n");
  23   1        state = receive_char();
  24   1      }
  25          
  26          void display_info(char* a, int balance){
  27   1        int_to_string(balance,balance_string);
  28   1        transmit_string("Account Holder: ");
  29   1        transmit_string(a);
  30   1        transmit_string("\r\n");
  31   1        transmit_string("Account Balance: ");
  32   1        transmit_string(balance_string);
  33   1        transmit_string("\r\n");
  34   1      }
  35          
  36          void transaction(int amt, int acc_num2){
  37   1        if(acc_num2 == 1){
  38   2          if(amt > balance_1){
  39   3            transmit_string("Insuffcient Funds");
  40   3            return;
  41   3          }
  42   2          else{
  43   3            num_5 = amt/5;
  44   3            num_1 = amt%5;
  45   3            balance_1 -= amt;
  46   3            transmit_string("Remaining Balance: ");
  47   3            int_to_string(balance_1 * 100,act_bal);
  48   3            transmit_string(act_bal);
  49   3            transmit_string("\r\n");
  50   3            transmit_string("500 Notes: ");
  51   3            if(num_5 > 9){
  52   4              int_to_string(num_5,num5_string_double);
  53   4              transmit_string(num5_string_double);
  54   4            }
C51 COMPILER V9.60.7.0   MAIN                                                              04/07/2023 23:43:37 PAGE 2   

  55   3            else{
  56   4              int_to_string(num_5,num5_string_single);
  57   4              transmit_string(num5_string_single);
  58   4            }
  59   3            transmit_string(", 100 Notes: ");
  60   3            int_to_string(num_1,num1_string_single);
  61   3            transmit_string(num1_string_single);
  62   3          }
  63   2        }
  64   1        else if(acc_num == 2){
  65   2          if(amt > balance_2){
  66   3            transmit_string("Insuffcient Funds");
  67   3            ret_again = 1;
  68   3            return;
  69   3          }
  70   2          else{
  71   3            num_5 = amt/5;
  72   3            num_1 = amt%5;
  73   3            balance_2 -= amt;
  74   3            transmit_string("Remaining Balance: ");
  75   3            int_to_string(balance_2 * 100,act_bal);
  76   3            transmit_string(act_bal);
  77   3            transmit_string("\r\n");
  78   3            transmit_string("500 Notes: ");
  79   3            if(num_5 > 9){
  80   4              int_to_string(num_5,num5_string_double);
  81   4              transmit_string(num5_string_double);
  82   4            }
  83   3            else{
  84   4              int_to_string(num_5,num5_string_single);
  85   4              transmit_string(num5_string_single);
  86   4            }
  87   3            transmit_string(", 100 Notes: ");
  88   3            int_to_string(num_1,num1_string_single);
  89   3            transmit_string(num1_string_single);
  90   3          }
  91   2        }
  92   1      }
  93          
  94          void account_info_display(char acc_num){
  95   1        if(acc_num == '1'){
  96   2          name[0] = "S";
*** WARNING C260 IN LINE 96 OF main.c: '=': pointer truncation
  97   2          name[1] = "i";
*** WARNING C260 IN LINE 97 OF main.c: '=': pointer truncation
  98   2          name[2] = "t";
*** WARNING C260 IN LINE 98 OF main.c: '=': pointer truncation
  99   2          name[3] = "a";
*** WARNING C260 IN LINE 99 OF main.c: '=': pointer truncation
 100   2          display_info(name,balance_1);
 101   2        }
 102   1        else if(acc_num == '2'){
 103   2          name[0] = "G";
*** WARNING C260 IN LINE 103 OF main.c: '=': pointer truncation
 104   2          name[1] = "i";
*** WARNING C260 IN LINE 104 OF main.c: '=': pointer truncation
 105   2          name[2] = "t";
*** WARNING C260 IN LINE 105 OF main.c: '=': pointer truncation
 106   2          name[3] = "a";
*** WARNING C260 IN LINE 106 OF main.c: '=': pointer truncation
 107   2          display_info(name,balance_2);
 108   2        }
C51 COMPILER V9.60.7.0   MAIN                                                              04/07/2023 23:43:37 PAGE 3   

 109   1        else{
 110   2          transmit_string("No such account, please enter valid details");
 111   2        }
 112   1        initialize();
 113   1      }
 114          
 115          void withdraw_info(){
 116   1        transmit_string("Withdraw state, enter account number");
 117   1        transmit_string("\r\n");
 118   1        acc_num2 = receive_char();
 119   1        account_info_display(acc_num2);
 120   1        transmit_string("Enter Amount, in hundreds");
 121   1        transmit_string("\r\n");
 122   1        amt_d1 = receive_char();
 123   1        amt_d2 = receive_char();
 124   1        if(!(47 < amt_d1 && 58 > amt_d1) || !(47 < amt_d2 && 58 > amt_d2)){
 125   2          transmit_string("Invalid Amount");
 126   2          initialize();
 127   2          return;
 128   2        }
 129   1        amt = amt_d1*10 + amt_d2;
 130   1        transaction(amt,acc_num2);
 131   1      }
 132          
 133          void main(void)
 134          {
 135   1        spi_init();                                         
 136   1        uart_init();
 137   1        
 138   1        initialize();
 139   1        while(1){
 140   2          if (state == "A" || state == "a"){
 141   3            transmit_string("Hello, Please enter Account Number");
 142   3            transmit_string("\r\n");
 143   3            account_num = receive_char();
 144   3            account_info_display(account_num);
 145   3          }
 146   2          if (state == "W" || state == "w"){
 147   3            withdraw_info();
 148   3          }
 149   2        }
 150   1      }
 151          


MODULE INFORMATION:   STATIC OVERLAYABLE
   CODE SIZE        =   1488    ----
   CONSTANT SIZE    =    330    ----
   XDATA SIZE       =   ----    ----
   PDATA SIZE       =   ----    ----
   DATA SIZE        =     38      33
   IDATA SIZE       =   ----    ----
   BIT SIZE         =      3    ----
END OF MODULE INFORMATION.


C51 COMPILATION COMPLETE.  8 WARNING(S),  0 ERROR(S)
