C51 COMPILER V9.60.7.0   Q1B                                                               04/08/2023 16:02:10 PAGE 1   


C51 COMPILER V9.60.7.0, COMPILATION OF MODULE Q1B
OBJECT MODULE PLACED IN .\Objects\Q1b.obj
COMPILER INVOKED BY: C:\Keil_v5\C51\BIN\C51.EXE Q1b.c OPTIMIZE(8,SPEED) BROWSE DEBUG OBJECTEXTEND PRINT(.\Listings\Q1b.l
                    -st) TABS(2) OBJECT(.\Objects\Q1b.obj)

line level    source

   1          #include <at89c5131.h>
   2          #include "lcd.h"
   3          
   4          long int i, ans1, t, time, a1, a0, b1, b0, c0, c1, c2, c;
   5          char msg1[16], msg2[16];
   6          
   7          void main()
   8          {
   9   1        lcd_init();
  10   1        
  11   1        msg1[0] = 'P';
  12   1        msg1[1] = 'r';
  13   1        msg1[2] = 'o';
  14   1        msg1[3] = 'd';
  15   1        msg1[4] = '2';
  16   1        msg1[5] = '=';
  17   1      
  18   1        msg2[0] = 't';
  19   1        msg2[1] = 'i';
  20   1        msg2[2] = 'm';
  21   1        msg2[3] = 'e';
  22   1        msg2[4] = '2';
  23   1        msg2[5] = '=';
  24   1        
  25   1        TMOD = 0x11;
  26   1        TL0 = 0x00; //Starting Count value
  27   1        TH0 = 0x00;
  28   1        TR0 = 1; //Start bit indicates the counting starts
  29   1        
  30   1        a1 = 29851/10;
  31   1        a0 = 29851%10;
  32   1        b1 = 11237/10;
  33   1        b0 = 11237%10;
  34   1        c0 = a0*b0;
  35   1        c1 = (a0+a1)*(b0+b1);
  36   1        c2 = a1*b1;
  37   1        c = c0 + (c1 - c0 - c2)*10 + c2*100;
  38   1        
  39   1        TR0 = 0; //Stops the timer
  40   1        
  41   1        t = TH0*256 + TL0;
  42   1        time = t/2;
  43   1        
  44   1        int_to_string1(c, msg1);
  45   1        int_to_string2(time, msg2);
  46   1        msg2[11] = 'u';
  47   1        msg2[12] = 's';
  48   1        
  49   1        display(msg1, msg2);
  50   1        
  51   1        while(1);
  52   1      }


C51 COMPILER V9.60.7.0   Q1B                                                               04/08/2023 16:02:10 PAGE 2   

MODULE INFORMATION:   STATIC OVERLAYABLE
   CODE SIZE        =   1273    ----
   CONSTANT SIZE    =   ----    ----
   XDATA SIZE       =   ----    ----
   PDATA SIZE       =   ----    ----
   DATA SIZE        =     80      23
   IDATA SIZE       =   ----    ----
   BIT SIZE         =   ----    ----
END OF MODULE INFORMATION.


C51 COMPILATION COMPLETE.  0 WARNING(S),  0 ERROR(S)
