A51 MACRO ASSEMBLER  Q1                                                                   01/16/2023 16:23:28 PAGE     1


MACRO ASSEMBLER A51 V8.2.7.0
OBJECT MODULE PLACED IN .\Objects\Q1.obj
ASSEMBLER INVOKED BY: C:\Keil_v5\C51\BIN\A51.EXE Q1.asm SET(SMALL) DEBUG PRINT(.\Listings\Q1.lst) OBJECT(.\Objects\Q1.ob
                      j) EP

LOC  OBJ            LINE     SOURCE

                       1     
0000                   2     ORG 0H
0000 020100            3     LJMP MAIN
0100                   4     ORG 100H
                       5             
0100                   6     MAIN:
                       7     
0100 7961              8     MOV R1, #61H
                       9     
                      10     
0102 3130             11     CALL MODADD
0104 3146             12     CALL MODSUB
0106 80FE             13     HERE: SJMP HERE
0130                  14     ORG 130H
                      15             
0130                  16     MODADD:
                      17     
0130 E570             18     MOV A, 70H
0132 89F0             19     MOV B, R1
0134 84               20     DIV AB
0135 AAF0             21     MOV R2, B
                      22     
                      23     
0137 E571             24     MOV A, 71H
0139 89F0             25     MOV B, R1
013B 84               26     DIV AB
013C EA               27     MOV A, R2
013D 25F0             28     ADD A, B
                      29     
013F 89F0             30     MOV B, R1
                      31     
0141 84               32     DIV AB
0142 85F072           33     MOV 72H, B
0145 22               34     RET
                      35     
0146                  36     MODSUB:
                      37     
0146 E570             38     MOV A, 70H
0148 89F0             39     MOV B, R1
014A 84               40     DIV AB
014B AAF0             41     MOV R2, B
                      42     
                      43     
014D E571             44     MOV A, 71H
014F 89F0             45     MOV B, R1
0151 84               46     DIV AB
0152 EA               47     MOV A, R2
0153 95F0             48     SUBB A, B
                      49     
                      50     
0155 29               51     ADD A, R1
0156 84               52     DIV AB
0157 85F073           53     MOV 73H, B
015A 22               54     RET
                      55     
                      56     END
A51 MACRO ASSEMBLER  Q1                                                                   01/16/2023 16:23:28 PAGE     2

SYMBOL TABLE LISTING
------ ----- -------


N A M E             T Y P E  V A L U E   ATTRIBUTES

B. . . . . . . . .  D ADDR   00F0H   A   
HERE . . . . . . .  C ADDR   0106H   A   
MAIN . . . . . . .  C ADDR   0100H   A   
MODADD . . . . . .  C ADDR   0130H   A   
MODSUB . . . . . .  C ADDR   0146H   A   


REGISTER BANK(S) USED: 0 


ASSEMBLY COMPLETE.  0 WARNING(S), 0 ERROR(S)
