C51 COMPILER V9.60.7.0   LAB8_3                                                            03/11/2023 14:55:04 PAGE 1   


C51 COMPILER V9.60.7.0, COMPILATION OF MODULE LAB8_3
OBJECT MODULE PLACED IN .\Objects\lab8_3.obj
COMPILER INVOKED BY: C:\Keil_v5\C51\BIN\C51.EXE lab8_3.c OPTIMIZE(8,SPEED) BROWSE DEBUG OBJECTEXTEND PRINT(.\Listings\la
                    -b8_3.lst) TABS(2) OBJECT(.\Objects\lab8_3.obj)

line level    source

   1          #include <at89c5131.h>
   2          #include "lcd.h"
   3          
   4          sbit LED = P3 ^ 6;
   5          sbit LED1 = P3 ^ 5;
   6          int sec, min = 0;
   7          
   8          void digit_display(int a)
   9          {
  10   1        lcd_write_char((a/10)+48);
  11   1        msdelay(4);
  12   1        lcd_write_char((a%10)+48);
  13   1      }
  14          void display_time(int a, int b)
  15          {
  16   1        
  17   1        lcd_cmd(0xC0);
  18   1        msdelay(4);
  19   1        digit_display(a);
  20   1        msdelay(4);
  21   1        lcd_write_char(58);
  22   1        msdelay(4);
  23   1        digit_display(b);
  24   1      }
  25          
  26          void timer0_isr() interrupt 1
  27          {
  28   1        ++sec;
  29   1        LED1 = ~LED1;
  30   1        if(sec == 60)
  31   1        {
  32   2          sec = 0;
  33   2          ++min;
  34   2        }
  35   1        display_time(min, sec);
  36   1        //Reload values for TH0 and TL0. Start timer 0.
  37   1        TH0 =  0xFF; //Values for Timer 0 TH0
  38   1        TL0 =  0xC4; //Values for Timer 0 TL0
  39   1        TF0 = 0;     
  40   1        TR0 = 1;
  41   1      }
  42          
  43          void timer1_isr() interrupt 3
  44          {
  45   1        LED = ~LED;
  46   1        //Reload values for TH1 and TL1. Start timer 1.
  47   1        TH1 =  0xBE; //Values for Timer 1 TH1
  48   1        TL1 =  0xE5; //Values for Timer 1 TL1
  49   1        TF1 = 0;
  50   1        TR1 = 1;
  51   1      }
  52          
  53          void clock_60(void)
  54          {
C51 COMPILER V9.60.7.0   LAB8_3                                                            03/11/2023 14:55:04 PAGE 2   

  55   1        TMOD = 0x10;
  56   1        TH1 = 0xBE;
  57   1        TL1 = 0xE5;
  58   1        ET1 = 1;
  59   1        EA  = 1;
  60   1        TR1 = 1;
  61   1        
  62   1      }
  63          
  64          
  65          void main(void)
  66          {
  67   1        
  68   1        clock_60();
  69   1        P1_0 = 1;
  70   1        
  71   1        P3_4 = 1;
  72   1        lcd_init();
  73   1        lcd_cmd(0x80);
  74   1        msdelay(4);
  75   1        lcd_write_string("Stopwatch :");
  76   1        
  77   1        
  78   1        
  79   1        
  80   1        TMOD = TMOD | 0x05;
  81   1        TH0 = 0xFF;
  82   1        TL0 = 0xC4;
  83   1        ET0 = 1;
  84   1        EA  = 1;
  85   1        TR0 = 1;
  86   1        
  87   1        while(1){
  88   2        if(P1_0 == 0)
  89   2        {
  90   3          EA = 0;
  91   3          TR0 = 0;
  92   3          TR1 = 0;
  93   3        }
  94   2        else
  95   2        {
  96   3          EA = 1;
  97   3          TR0 = 1;
  98   3          TR1 = 1;
  99   3        }
 100   2        };
 101   1      }


MODULE INFORMATION:   STATIC OVERLAYABLE
   CODE SIZE        =    434    ----
   CONSTANT SIZE    =     12    ----
   XDATA SIZE       =   ----    ----
   PDATA SIZE       =   ----    ----
   DATA SIZE        =      4       7
   IDATA SIZE       =   ----    ----
   BIT SIZE         =   ----    ----
END OF MODULE INFORMATION.


C51 COMPILATION COMPLETE.  0 WARNING(S),  0 ERROR(S)
