A51 MACRO ASSEMBLER  MID                                                                  02/12/2023 13:23:08 PAGE     1


MACRO ASSEMBLER A51 V8.2.7.0
OBJECT MODULE PLACED IN .\Objects\mid.obj
ASSEMBLER INVOKED BY: C:\Keil_v5\C51\BIN\A51.EXE mid.asm SET(SMALL) DEBUG PRINT(.\Listings\mid.lst) OBJECT(.\Objects\mid
                      .obj) EP

LOC  OBJ            LINE     SOURCE

0000                   1     ORG 0H
0000 020100            2     LJMP MAIN
0100                   3     ORG 100H
                       4             
0100                   5     MAIN:
0100 7570D8            6     MOV 70H, #0D8H
0103 7571AD            7     MOV 71H, #0ADH
0106 3130              8     CALL ENCRYPT
0108 80FE              9     HERE: SJMP HERE
0130                  10     ORG 130H
                      11             
0130                  12     ENCRYPT:
                      13     
                      14     
0130 7801             15     MOV R0, #01
                      16     
0132 7900             17     MOV R1, #00
0134 C3               18     CLR C
                      19     
                      20     
0135                  21     LOOP:
0135 E8               22     MOV A, R0
0136 2570             23     ADD A, 70H
                      24     
                      25     
                      26     
0138                  27     SUBT:
0138 C3               28     CLR C
                      29     
0139 09               30     INC R1
013A C3               31     CLR C
013B 9571             32     SUBB A, 71H
013D 50F9             33     JNC SUBT
                      34     
                      35     
013F 2571             36     ADD A, 71H
                      37     
0141 19               38     DEC R1
0142 F8               39     MOV R0, A
                      40     
0143 B400EF           41     CJNE A, #00, LOOP
                      42     
0146                  43     LAST:
0146 8972             44     MOV 72H, R1
                      45     
0148                  46     OUTPUT:
                      47     
0148 7872             48     MOV R0, #72H
014A 7400             49     MOV A, #00
                      50     
                      51     
014C D6               52     XCHD A, @R0
014D F580             53     MOV 80H, A
014F F572             54     MOV 72H, A
                      55     
                      56     
                      57     
A51 MACRO ASSEMBLER  MID                                                                  02/12/2023 13:23:08 PAGE     2

0151 F590             58     MOV P1, A
0153 318B             59     CALL delay_5s
                      60     
                      61     
0155 759000           62     MOV P1, #00H
0158 3180             63     CALL delay_1s
                      64     
                      65     
015A E580             66     MOV A, 80H
015C 75F010           67     MOV B, #10H
015F A4               68     MUL AB
0160 F590             69     MOV P1, A
0162 318B             70     CALL delay_5s
                      71     
                      72     
0164 759000           73     MOV P1, #00H
0167 3180             74     CALL delay_1s
                      75     
0169 2148             76     AJMP OUTPUT
                      77     
016B 22               78     RET
                      79     
016C                  80     delay_250us:
016C C000             81     push 00h
016E 78F4             82     mov r0, #244
0170 D8FE             83     h1: djnz r0, h1
0172 D000             84     pop 00h
0174 22               85     ret
                      86     
0175                  87     delay_50ms:
0175 C000             88     push 00h
0177 78C8             89     mov r0, #0C8H
0179 316C             90     h2: acall delay_250us
017B D8FC             91     djnz r0, h2
017D D000             92     pop 00h
017F 22               93     ret
                      94     
0180                  95     delay_1s:
0180 C000             96     push 00h
0182 7814             97     mov r0, #14H
0184 3175             98     h3: acall delay_50ms
0186 D8FC             99     djnz r0, h3
0188 D000            100     pop 00h
018A 22              101     ret
                     102     
018B                 103     delay_5s:
018B C000            104     push 00h
018D 7805            105     mov r0, #05H
018F 3180            106     h4: acall delay_1s
0191 D8FC            107     djnz r0, h4
0193 D000            108     pop 00h
0195 22              109     ret
                     110     
                     111     END
A51 MACRO ASSEMBLER  MID                                                                  02/12/2023 13:23:08 PAGE     3

SYMBOL TABLE LISTING
------ ----- -------


N A M E             T Y P E  V A L U E   ATTRIBUTES

B. . . . . . . . .  D ADDR   00F0H   A   
DELAY_1S . . . . .  C ADDR   0180H   A   
DELAY_250US. . . .  C ADDR   016CH   A   
DELAY_50MS . . . .  C ADDR   0175H   A   
DELAY_5S . . . . .  C ADDR   018BH   A   
ENCRYPT. . . . . .  C ADDR   0130H   A   
H1 . . . . . . . .  C ADDR   0170H   A   
H2 . . . . . . . .  C ADDR   0179H   A   
H3 . . . . . . . .  C ADDR   0184H   A   
H4 . . . . . . . .  C ADDR   018FH   A   
HERE . . . . . . .  C ADDR   0108H   A   
LAST . . . . . . .  C ADDR   0146H   A   
LOOP . . . . . . .  C ADDR   0135H   A   
MAIN . . . . . . .  C ADDR   0100H   A   
OUTPUT . . . . . .  C ADDR   0148H   A   
P1 . . . . . . . .  D ADDR   0090H   A   
SUBT . . . . . . .  C ADDR   0138H   A   


REGISTER BANK(S) USED: 0 


ASSEMBLY COMPLETE.  0 WARNING(S), 0 ERROR(S)
