C51 COMPILER V9.60.7.0   SORTING                                                           02/26/2023 20:54:38 PAGE 1   


C51 COMPILER V9.60.7.0, COMPILATION OF MODULE SORTING
OBJECT MODULE PLACED IN .\Objects\sorting.obj
COMPILER INVOKED BY: C:\Keil_v5\C51\BIN\C51.EXE sorting.c OPTIMIZE(8,SPEED) BROWSE DEBUG OBJECTEXTEND PRINT(.\Listings\s
                    -orting.lst) TABS(2) OBJECT(.\Objects\sorting.obj)

line level    source

   1          #include <at89c5131.h>
   2          #include "lcd.h"
   3          
   4          code unsigned char display_msg1[]="START PROGRAM   ";           
   5          code unsigned char display_msg2[]="FIRST INPUT     ";     
   6          code unsigned char display_msg3[]="NEXT INPUT      ";
   7          code unsigned char display_msg4[]="SORTING...      ";
   8          code unsigned char display_msg5[]="SORTING         ";
   9          code unsigned char display_msg6[]="COMPLETED       ";
  10          code unsigned char display_msg7[]="NUMBER TO BE    ";
  11          code unsigned char display_msg8[]="SEARCHED        ";
  12          code unsigned char display_msg9[]="THE INDEX IS    ";
  13          code unsigned char display_msg10[]="NUMBER         ";
  14          code unsigned char display_msg11[]="NOT FOUND      ";
  15          
  16          int a[5] = {0,0,0,0,0};
  17          int i, j, temp;
  18          void swap()
  19          {
  20   1        P1_7 = P3_3;
  21   1        P1_6 = P3_2;
  22   1        P1_5 = P3_1;
  23   1        P1_4 = P3_0;
  24   1      }
  25          
  26          void sort()
  27          {
  28   1        for(i=0; i<4; i++)
  29   1        {
  30   2          for(j=0; j<4-i; j++)
  31   2          {
  32   3            if(a[j]>a[j+1])
  33   3            {
  34   4              temp = a[j+1];
  35   4              a[j+1] = a[j];
  36   4              a[j] = temp;
  37   4            }
  38   3          }
  39   2        }
  40   1      }
  41          void main()
  42          {
  43   1        lcd_init();
  44   1        ACC = &a;
  45   1        lcd_cmd(0x80);                          //Move cursor to first line
  46   1        msdelay(4);
  47   1        lcd_write_string(display_msg1);
  48   1        msdelay(5000);
  49   1        lcd_cmd(0x01);  
  50   1        msdelay(4);
  51   1        
  52   1        lcd_cmd(0x80);
  53   1        lcd_write_string(display_msg2);
  54   1        msdelay(5000);
C51 COMPILER V9.60.7.0   SORTING                                                           02/26/2023 20:54:38 PAGE 2   

  55   1        a[0] = P1;
  56   1        lcd_cmd(0x01);
  57   1        
  58   1        lcd_cmd(0x80);
  59   1        lcd_write_string(display_msg3);
  60   1        msdelay(5000);
  61   1        a[1] = P1;
  62   1        P3 = a[0];
  63   1        swap();
  64   1        lcd_cmd(0x01);
  65   1        
  66   1        lcd_cmd(0x80);
  67   1        lcd_write_string(display_msg3);
  68   1        msdelay(5000);
  69   1        a[2] = P1;
  70   1        P3 = a[1];
  71   1        swap();
  72   1        lcd_cmd(0x01);
  73   1        
  74   1        lcd_cmd(0x80);
  75   1        lcd_write_string(display_msg3);
  76   1        msdelay(5000);
  77   1        a[3] = P1;
  78   1        P3 = a[2];
  79   1        swap();
  80   1        lcd_cmd(0x01);
  81   1        
  82   1        lcd_cmd(0x80);
  83   1        lcd_write_string(display_msg3);
  84   1        msdelay(5000);
  85   1        a[4] = P1;
  86   1        P3 = a[3];
  87   1        swap();
  88   1        lcd_cmd(0x01);
  89   1        
  90   1        P3 = a[4];  
  91   1        msdelay(5000);
  92   1        lcd_cmd(0x80);
  93   1        lcd_write_string(display_msg4);
  94   1        
  95   1        sort();
  96   1        
  97   1        lcd_cmd(0x01);
  98   1        lcd_cmd(0x80);
  99   1        lcd_write_string(display_msg5);
 100   1        lcd_cmd(0xC0);
 101   1        lcd_write_string(display_msg6);
 102   1        
 103   1        for(i=0; i<5; i++)
 104   1        {
 105   2          P3 = a[i];
 106   2          swap();
 107   2          msdelay(5000);
 108   2          P1 = 0x00;
 109   2          msdelay(1000);
 110   2        }
 111   1        
 112   1        P1 = 0xFF;
 113   1        lcd_cmd(0x01);
 114   1        msdelay(4);
 115   1        lcd_cmd(0x80);
 116   1        lcd_write_string(display_msg7);
C51 COMPILER V9.60.7.0   SORTING                                                           02/26/2023 20:54:38 PAGE 3   

 117   1        msdelay(4);
 118   1        lcd_cmd(0xC0);
 119   1        lcd_write_string(display_msg8);
 120   1        msdelay(5000);
 121   1        for(i = 0; i < 5; i++)
 122   1        {
 123   2          if(a[i]==P1)
 124   2          {
 125   3            i = i + 1;
 126   3            P3 = i;
 127   3            swap();
 128   3            lcd_cmd(0x80);
 129   3            lcd_write_string(display_msg9);
 130   3            while(1);
 131   3          }
 132   2        }
 133   1        P1 = 0xFF;
 134   1        lcd_write_string(display_msg10);
 135   1        lcd_write_string(display_msg11);
 136   1      
 137   1      }


MODULE INFORMATION:   STATIC OVERLAYABLE
   CODE SIZE        =    747    ----
   CONSTANT SIZE    =    185    ----
   XDATA SIZE       =   ----    ----
   PDATA SIZE       =   ----    ----
   DATA SIZE        =     16       3
   IDATA SIZE       =   ----    ----
   BIT SIZE         =   ----    ----
END OF MODULE INFORMATION.


C51 COMPILATION COMPLETE.  0 WARNING(S),  0 ERROR(S)
